<?xml version="1.0" encoding="utf-8"?><testsuites name="pytest tests"><testsuite name="pytest" errors="0" failures="0" skipped="0" tests="17" time="14.626" timestamp="2026-09-20T17:22:20.956984+00:00" hostname="agent-env-572d7f6b-45b7-42f4-a39f-e6e5738d7ae5"><testcase classname="tests.test_iter4_features.TestTeamPdf" name="test_direktur_download" time="9.216" /><testcase classname="tests.test_iter4_features.TestTeamPdf" name="test_admin_download" time="0.334" /><testcase classname="tests.test_iter4_features.TestTeamPdf" name="test_ao_forbidden" time="0.094" /><testcase classname="tests.test_iter4_features.TestTargetNotifications" name="test_100_percent_triggers_notif_on_lending" time="0.531" /><testcase classname="tests.test_iter4_features.TestTargetNotifications" name="test_90_percent_triggers_mendekati" time="0.339" /><testcase classname="tests.test_iter4_features.TestTargetNotifications" name="test_dedup_no_duplicate_on_same_milestone" time="0.342" /><testcase classname="tests.test_iter4_features.TestCompareFilter" name="test_compare_komponen_funding" time="0.221" /><testcase classname="tests.test_iter4_features.TestCompareFilter" name="test_compare_komponen_pembiayaan" time="0.210" /><testcase classname="tests.test_iter4_features.TestCompareFilter" name="test_compare_komponen_recovery_na_for_ao" time="0.107" /><testcase classname="tests.test_iter4_features.TestCompareFilter" name="test_compare_invalid_komponen" time="0.116" /><testcase classname="tests.test_iter4_features.TestCompareFilter" name="test_compare_semua_fallback_still_works" time="0.283" /><testcase classname="tests.test_iter4_features.TestAoExcel" name="test_ao_downloads_own_excel" time="0.175" /><testcase classname="tests.test_iter4_features.TestAoExcel" name="test_admin_can_download_any_ao_excel" time="0.172" /><testcase classname="tests.test_iter4_features.TestAoExcel" name="test_ao_cannot_download_other_ao" time="0.135" /><testcase classname="tests.test_iter4_features.TestAoExcel" name="test_invalid_id" time="0.095" /><testcase classname="tests.test_iter4_features.TestRegressionAoPdf" name="test_ao_pdf_still_ok" time="0.210" /><testcase classname="tests.test_iter4_features.TestRegressionAoPdf" name="test_compare_min_2_still_enforced" time="1.907" /></testsuite></testsuites>