<?xml version="1.0" encoding="utf-8"?><testsuites name="pytest tests"><testsuite name="pytest" errors="0" failures="0" skipped="0" tests="6" time="3.532" timestamp="2026-09-21T11:59:02.442793+00:00" hostname="agent-env-46d4ad9f-002d-4690-9ad3-0b8279423ddd"><testcase classname="tests.test_iter7_kol45.TestKol45Feature" name="test_set_target_recovery_kol45" time="1.445" /><testcase classname="tests.test_iter7_kol45.TestKol45Feature" name="test_dashboard_me_col013_has_two_kpis" time="0.199" /><testcase classname="tests.test_iter7_kol45.TestKol45Feature" name="test_leaderboard_kol45" time="0.796" /><testcase classname="tests.test_iter7_kol45.TestKol45Feature" name="test_executive_has_recovery_kol45" time="0.334" /><testcase classname="tests.test_iter7_kol45.TestKol45Feature" name="test_riwayat_col013_has_kol45" time="0.280" /><testcase classname="tests.test_iter7_kol45.TestKol45Feature" name="test_compare_kol45_component" time="0.257" /></testsuite></testsuites>