<?xml version="1.0" encoding="utf-8"?><testsuites name="pytest tests"><testsuite name="pytest" errors="0" failures="0" skipped="0" tests="7" time="11.978" timestamp="2026-09-21T02:37:24.332602+00:00" hostname="agent-env-572d7f6b-45b7-42f4-a39f-e6e5738d7ae5"><testcase classname="tests.test_iter5_gps_maps" name="test_storage_extract_exif_gps" time="3.004" /><testcase classname="tests.test_iter5_gps_maps" name="test_storage_extract_exif_no_gps" time="0.004" /><testcase classname="tests.test_iter5_gps_maps" name="test_upload_gps_photo" time="4.985" /><testcase classname="tests.test_iter5_gps_maps" name="test_upload_plain_photo" time="0.540" /><testcase classname="tests.test_iter5_gps_maps" name="test_list_collection_activity_includes_photos" time="0.079" /><testcase classname="tests.test_iter5_gps_maps" name="test_admin_can_list_all" time="0.057" /><testcase classname="tests.test_iter5_gps_maps" name="test_self_input_regression" time="2.964" /></testsuite></testsuites>