<?xml version="1.0" encoding="utf-8"?><testsuites name="pytest tests"><testsuite name="pytest" errors="0" failures="0" skipped="0" tests="8" time="17.530" timestamp="2026-09-20T16:25:31.945487+00:00" hostname="agent-env-572d7f6b-45b7-42f4-a39f-e6e5738d7ae5"><testcase classname="tests.test_iter2_features.TestImportWizard" name="test_import_preview_mixed_rows" time="7.455" /><testcase classname="tests.test_iter2_features.TestImportWizard" name="test_import_commit_only_valid" time="0.252" /><testcase classname="tests.test_iter2_features.TestNotifikasiInsentif" name="test_reject_incentive_creates_admin_notification" time="1.161" /><testcase classname="tests.test_iter2_features.TestNotifikasiInsentif" name="test_notifications_scoped_to_role" time="0.132" /><testcase classname="tests.test_iter2_features.TestPdfExport" name="test_ao_can_download_own_pdf" time="0.310" /><testcase classname="tests.test_iter2_features.TestPdfExport" name="test_admin_can_download_any_ao_pdf" time="0.280" /><testcase classname="tests.test_iter2_features.TestPdfExport" name="test_ao_forbidden_for_other_ao" time="0.113" /><testcase classname="tests.test_iter2_features.TestRestore" name="test_backup_then_restore_preserves_passwords_and_data" time="7.642" /></testsuite></testsuites>