<?xml version="1.0" encoding="utf-8"?><testsuites name="pytest tests"><testsuite name="pytest" errors="0" failures="0" skipped="0" tests="11" time="18.063" timestamp="2026-09-20T16:57:54.662311+00:00" hostname="agent-env-572d7f6b-45b7-42f4-a39f-e6e5738d7ae5"><testcase classname="tests.test_iter3_features.TestNotifikasiMultiPeran" name="test_approve_notifies_ao_only" time="12.963" /><testcase classname="tests.test_iter3_features.TestNotifikasiMultiPeran" name="test_reject_notifies_both_admin_and_ao" time="1.091" /><testcase classname="tests.test_iter3_features.TestRiwayatImport" name="test_import_appears_in_history" time="0.326" /><testcase classname="tests.test_iter3_features.TestRiwayatImport" name="test_import_history_admin_only" time="0.114" /><testcase classname="tests.test_iter3_features.TestGrafikPdf" name="test_ao_pdf_contains_charts" time="0.242" /><testcase classname="tests.test_iter3_features.TestGrafikPdf" name="test_ao_pdf_admin_can_download" time="0.208" /><testcase classname="tests.test_iter3_features.TestCompare" name="test_compare_two_aos_success" time="0.219" /><testcase classname="tests.test_iter3_features.TestCompare" name="test_compare_three_aos" time="0.223" /><testcase classname="tests.test_iter3_features.TestCompare" name="test_compare_min_two_required" time="0.091" /><testcase classname="tests.test_iter3_features.TestCompare" name="test_compare_caps_at_three" time="0.263" /><testcase classname="tests.test_iter3_features.TestCompare" name="test_compare_role_guarded" time="2.130" /></testsuite></testsuites>