<?xml version="1.0" encoding="utf-8"?><testsuites name="pytest tests"><testsuite name="pytest" errors="0" failures="0" skipped="0" tests="7" time="14.031" timestamp="2026-09-21T06:35:16.622359+00:00" hostname="agent-env-46d4ad9f-002d-4690-9ad3-0b8279423ddd"><testcase classname="tests.test_iter5_gps_maps" name="test_storage_extract_exif_gps" time="3.191" /><testcase classname="tests.test_iter5_gps_maps" name="test_storage_extract_exif_no_gps" time="0.003" /><testcase classname="tests.test_iter5_gps_maps" name="test_upload_gps_photo" time="5.877" /><testcase classname="tests.test_iter5_gps_maps" name="test_upload_plain_photo" time="0.588" /><testcase classname="tests.test_iter5_gps_maps" name="test_list_collection_activity_includes_photos" time="0.124" /><testcase classname="tests.test_iter5_gps_maps" name="test_admin_can_list_all" time="0.068" /><testcase classname="tests.test_iter5_gps_maps" name="test_self_input_regression" time="3.246" /></testsuite></testsuites>