<?xml version="1.0" encoding="utf-8"?><testsuites name="pytest tests"><testsuite name="pytest" errors="0" failures="0" skipped="0" tests="37" time="6.741" timestamp="2026-09-25T08:24:09.147651+00:00" hostname="agent-env-26b471de-454d-4477-979a-910112aeeeab"><testcase classname="tests.backend_test.TestPublicCatalog" name="test_filters" time="0.525" /><testcase classname="tests.backend_test.TestPublicCatalog" name="test_catalog_list" time="0.048" /><testcase classname="tests.backend_test.TestPublicCatalog" name="test_catalog_keyword_and_filters" time="0.207" /><testcase classname="tests.backend_test.TestPublicCatalog" name="test_catalog_detail" time="0.130" /><testcase classname="tests.backend_test.TestPublicCatalog" name="test_catalog_detail_404" time="0.077" /><testcase classname="tests.backend_test.TestAuth" name="test_admin_login" time="0.276" /><testcase classname="tests.backend_test.TestAuth" name="test_acrm_login" time="0.271" /><testcase classname="tests.backend_test.TestAuth" name="test_ma_login" time="0.272" /><testcase classname="tests.backend_test.TestAuth" name="test_wrong_password" time="0.246" /><testcase classname="tests.backend_test.TestAuth" name="test_me" time="0.044" /><testcase classname="tests.backend_test.TestMarketingFlow" name="test_marketing_context" time="0.082" /><testcase classname="tests.backend_test.TestMarketingFlow" name="test_kpknl_list" time="0.044" /><testcase classname="tests.backend_test.TestMarketingFlow" name="test_categories" time="0.039" /><testcase classname="tests.backend_test.TestMarketingFlow" name="test_create_draft_and_number_format" time="0.118" /><testcase classname="tests.backend_test.TestMarketingFlow" name="test_mine" time="0.044" /><testcase classname="tests.backend_test.TestMarketingFlow" name="test_submit_asset" time="0.083" /><testcase classname="tests.backend_test.TestMarketingFlow" name="test_negative_price_rejected" time="0.127" /><testcase classname="tests.backend_test.TestApprovalWorkflow" name="test_full_workflow_ma_to_acrm_to_rcg" time="1.925" /><testcase classname="tests.backend_test.TestApprovalWorkflow" name="test_rcg_return_flow" time="0.456" /><testcase classname="tests.backend_test.TestRBAC" name="test_ma_role_rejected_from_acrm_endpoint" time="0.075" /><testcase classname="tests.backend_test.TestRBAC" name="test_acrm_cannot_use_marketing_endpoint" time="0.077" /><testcase classname="tests.backend_test.TestRBAC" name="test_admin_rejected_from_marketing_create" time="0.046" /><testcase classname="tests.backend_test.TestAdmin" name="test_list_users" time="0.073" /><testcase classname="tests.backend_test.TestAdmin" name="test_users_keyword_filter" time="0.096" /><testcase classname="tests.backend_test.TestAdmin" name="test_hp_validation" time="0.131" /><testcase classname="tests.backend_test.TestAdmin" name="test_mutasi_requires_reason" time="0.117" /><testcase classname="tests.backend_test.TestAdmin" name="test_acrm_mutasi_blocked_if_target_has_active" time="0.116" /><testcase classname="tests.backend_test.TestAdmin" name="test_add_category" time="0.042" /><testcase classname="tests.backend_test.TestAdmin" name="test_toggle_category" time="0.045" /><testcase classname="tests.backend_test.TestAdmin" name="test_audit_logs" time="0.036" /><testcase classname="tests.backend_test.TestAdmin" name="test_mutation_history" time="0.082" /><testcase classname="tests.backend_test.TestSchedule" name="test_schedule_requires_valid_kpknl" time="0.367" /><testcase classname="tests.backend_test.TestDashboards" name="test_ma_dash" time="0.046" /><testcase classname="tests.backend_test.TestDashboards" name="test_acrm_dash" time="0.051" /><testcase classname="tests.backend_test.TestDashboards" name="test_rcg_dash" time="0.091" /><testcase classname="tests.backend_test.TestNotifications" name="test_ma_has_notifications" time="0.042" /><testcase classname="tests.backend_test.TestNotifications" name="test_mark_read" time="0.081" /></testsuite></testsuites>