<?xml version="1.0" encoding="utf-8"?><testsuites name="pytest tests"><testsuite name="pytest" errors="0" failures="3" skipped="0" tests="18" time="5.968" timestamp="2026-09-26T06:48:19.961741+00:00" hostname="agent-env-46bea2f0-d972-4296-8c8b-c0b3b5d62138"><testcase classname="tests.test_iteration7.TestAuthAndRoles" name="test_controller_login" time="0.403" /><testcase classname="tests.test_iteration7.TestAuthAndRoles" name="test_rcg_admin_login" time="0.351" /><testcase classname="tests.test_iteration7.TestAuthAndRoles" name="test_legacy_admin_login_fails" time="0.122" /><testcase classname="tests.test_iteration7.TestAuthAndRoles" name="test_legacy_admin2_login_fails" time="0.129" /><testcase classname="tests.test_iteration7.TestAuthAndRoles" name="test_ma_manado_login" time="0.351" /><testcase classname="tests.test_iteration7.TestAuthAndRoles" name="test_ma_jakarta_thamrin_login" time="0.338" /><testcase classname="tests.test_iteration7.TestRcgUserManagement" name="test_list_rcg_users_as_controller" time="0.458" /><testcase classname="tests.test_iteration7.TestRcgUserManagement" name="test_list_rcg_users_as_admin_allowed" time="0.451" /><testcase classname="tests.test_iteration7.TestRcgUserManagement" name="test_admin_cannot_create_rcg" time="0.120" /><testcase classname="tests.test_iteration7.TestRcgUserManagement" name="test_controller_full_lifecycle" time="0.998"><failure message="assert 404 == 200&#10; +  where 404 = &lt;Response [404]&gt;.status_code">backend/tests/test_iteration7.py:124: in test_controller_full_lifecycle
    assert t.status_code == 200
E   assert 404 == 200
E    +  where 404 = &lt;Response [404]&gt;.status_code</failure></testcase><testcase classname="tests.test_iteration7.TestRcgUserManagement" name="test_admin_cannot_toggle_or_delete" time="0.236"><failure message="assert 404 == 403&#10; +  where 404 = &lt;Response [404]&gt;.status_code">backend/tests/test_iteration7.py:143: in test_admin_cannot_toggle_or_delete
    assert r1.status_code == 403
E   assert 404 == 403
E    +  where 404 = &lt;Response [404]&gt;.status_code</failure></testcase><testcase classname="tests.test_iteration7.TestRcgUserManagement" name="test_controller_cannot_delete_controller" time="0.227"><failure message="assert 404 == 403&#10; +  where 404 = &lt;Response [404]&gt;.status_code">backend/tests/test_iteration7.py:154: in test_controller_cannot_delete_controller
    assert rt.status_code == 403
E   assert 404 == 403
E    +  where 404 = &lt;Response [404]&gt;.status_code</failure></testcase><testcase classname="tests.test_iteration7.TestControllerSelfUpdate" name="test_controller_can_update_self" time="0.918" /><testcase classname="tests.test_iteration7.TestControllerSelfUpdate" name="test_rcg_admin_cannot_self_update_via_controller_endpoint" time="0.133" /><testcase classname="tests.test_iteration7.TestRcgAdminOperationalAccess" name="test_pending" time="0.116" /><testcase classname="tests.test_iteration7.TestRcgAdminOperationalAccess" name="test_dashboard" time="0.169" /><testcase classname="tests.test_iteration7.TestRcgAdminOperationalAccess" name="test_admin_users" time="0.228" /><testcase classname="tests.test_iteration7.TestNearestSearch" name="test_nearest_sort_returns_distance" time="0.117" /></testsuite></testsuites>