<?xml version="1.0" encoding="utf-8"?><testsuites name="pytest tests"><testsuite name="pytest" errors="0" failures="1" skipped="0" tests="26" time="22.667" timestamp="2026-09-20T15:47:54.971401+00:00" hostname="agent-env-572d7f6b-45b7-42f4-a39f-e6e5738d7ae5"><testcase classname="tests.backend_test.TestAuth" name="test_login_wrong_password_generic_error" time="2.638" /><testcase classname="tests.backend_test.TestAuth" name="test_login_flow_and_change_password" time="7.986" /><testcase classname="tests.backend_test.TestAdminTransactions" name="test_add_lending_transaction" time="0.225" /><testcase classname="tests.backend_test.TestAdminTransactions" name="test_add_funding_transaction" time="0.219" /><testcase classname="tests.backend_test.TestAdminTransactions" name="test_add_recovery_kol4_denda" time="0.115" /><testcase classname="tests.backend_test.TestAdminTransactions" name="test_add_recovery_write_off" time="0.113" /><testcase classname="tests.backend_test.TestAdminTransactions" name="test_recovery_invalid_kol" time="0.091" /><testcase classname="tests.backend_test.TestTargets" name="test_set_target" time="0.251" /><testcase classname="tests.backend_test.TestViews" name="test_dashboard_me_ao_pembiayaan" time="0.122" /><testcase classname="tests.backend_test.TestViews" name="test_dashboard_me_ao_funding" time="0.105" /><testcase classname="tests.backend_test.TestViews" name="test_dashboard_me_collection" time="0.124" /><testcase classname="tests.backend_test.TestViews" name="test_executive" time="0.181" /><testcase classname="tests.backend_test.TestViews" name="test_leaderboard" time="0.358" /><testcase classname="tests.backend_test.TestViews" name="test_riwayat_me" time="0.120" /><testcase classname="tests.backend_test.TestViews" name="test_rekap" time="0.094" /><testcase classname="tests.backend_test.TestIncentives" name="test_recovery_generates_pending_incentives" time="0.110" /><testcase classname="tests.backend_test.TestIncentives" name="test_submit_target_incentive_under_100_fails" time="0.116"><failure message="assert 200 == 400&#10; +  where 200 = &lt;Response [200]&gt;.status_code">tests/backend_test.py:259: in test_submit_target_incentive_under_100_fails
    assert r.status_code == 400
E   assert 200 == 400
E    +  where 200 = &lt;Response [200]&gt;.status_code</failure></testcase><testcase classname="tests.backend_test.TestIncentives" name="test_submit_target_incentive_success_after_boosting_realisasi" time="0.220" /><testcase classname="tests.backend_test.TestIncentives" name="test_direktur_approve_and_reject" time="0.504" /><testcase classname="tests.backend_test.TestIncentives" name="test_ao_sees_only_approved" time="0.126" /><testcase classname="tests.backend_test.TestUserManagement" name="test_add_user_request_and_approve" time="0.716" /><testcase classname="tests.backend_test.TestCollection" name="test_self_input_and_photo_upload" time="1.410" /><testcase classname="tests.backend_test.TestCollection" name="test_admin_assign_task" time="0.134" /><testcase classname="tests.backend_test.TestDataManagement" name="test_export_xlsx" time="0.156" /><testcase classname="tests.backend_test.TestDataManagement" name="test_backup_json" time="3.849" /><testcase classname="tests.backend_test.TestAudit" name="test_audit_logs_accessible" time="2.394" /></testsuite></testsuites>