<?xml version="1.0" encoding="utf-8"?><testsuites name="pytest tests"><testsuite name="pytest" errors="0" failures="0" skipped="0" tests="8" time="1.362" timestamp="2026-09-25T12:44:18.140891+00:00" hostname="agent-env-26b471de-454d-4477-979a-910112aeeeab"><testcase classname="tests.test_iteration5.TestPriceDropFilter" name="test_catalog_no_flag_total_25" time="0.500" /><testcase classname="tests.test_iteration5.TestPriceDropFilter" name="test_price_drop_true_all_have_drop" time="0.095" /><testcase classname="tests.test_iteration5.TestPriceDropFilter" name="test_price_drop_false_same_as_default" time="0.347" /><testcase classname="tests.test_iteration5.TestPriceDropFilter" name="test_price_drop_with_provinsi_bali" time="0.104" /><testcase classname="tests.test_iteration5.TestReportXlsx" name="test_sheet_names" time="0.997" /><testcase classname="tests.test_iteration5.TestReportXlsx" name="test_detail_asset_header" time="0.000" /><testcase classname="tests.test_iteration5.TestReportXlsx" name="test_minat_pembeli_header" time="0.000" /><testcase classname="tests.test_iteration5.TestReportXlsx" name="test_minat_pembeli_sorted_and_row_count" time="0.001" /></testsuite></testsuites>