<?xml version="1.0" encoding="utf-8"?><testsuites name="pytest tests"><testsuite name="pytest" errors="0" failures="0" skipped="0" tests="11" time="3.774" timestamp="2026-09-25T11:14:39.377547+00:00" hostname="agent-env-26b471de-454d-4477-979a-910112aeeeab"><testcase classname="tests.test_iteration4.TestPublicTrack" name="test_track_invalid_type_400" time="1.101" /><testcase classname="tests.test_iteration4.TestAdminCategory" name="test_rename" time="1.035" /><testcase classname="tests.test_iteration4.TestAdminCategory" name="test_rename_duplicate_409" time="0.074" /><testcase classname="tests.test_iteration4.TestPublicTrack" name="test_track_unknown_404" time="0.088" /><testcase classname="tests.test_iteration4.TestAdminCategory" name="test_rename_empty_400" time="0.126" /><testcase classname="tests.test_iteration4.TestPublicTrack" name="test_track_view_and_wa_increment" time="0.910" /><testcase classname="tests.test_iteration4.TestAdminCategory" name="test_ma_rename_forbidden" time="0.574" /><testcase classname="tests.test_iteration4.TestAdminCategory" name="test_toggle_inactive_and_master_filters" time="0.434" /><testcase classname="tests.test_iteration4.TestPriceHistoryCatalog" name="test_catalog_price_drop_shape" time="0.667" /><testcase classname="tests.test_iteration4.TestMarketingDashboardInterest" name="test_dashboard_interest" time="0.938" /><testcase classname="tests.test_iteration4.TestMAPriceEdit" name="test_ma_price_reduce_and_restore" time="0.661" /></testsuite></testsuites>