<?xml version="1.0" encoding="utf-8"?><testsuites name="pytest tests"><testsuite name="pytest" errors="0" failures="0" skipped="0" tests="7" time="4.119" timestamp="2026-09-26T08:55:29.400418+00:00" hostname="agent-env-46bea2f0-d972-4296-8c8b-c0b3b5d62138"><testcase classname="tests.test_iteration11.TestCatalogSeed" name="test_public_catalog_not_empty" time="0.221" /><testcase classname="tests.test_iteration11.TestMADeleteRequest" name="test_empty_reason_400" time="0.562" /><testcase classname="tests.test_iteration11.TestMADeleteRequest" name="test_valid_reason_sets_pending" time="0.395" /><testcase classname="tests.test_iteration11.TestACRMDeleteFlow" name="test_pending_has_delete_reason" time="0.460" /><testcase classname="tests.test_iteration11.TestACRMDeleteFlow" name="test_reject_restores_then_approve_deletes" time="0.775" /><testcase classname="tests.test_iteration11.TestCategoryDelete" name="test_empty_reason_400_and_delete_direct_controller" time="0.703" /><testcase classname="tests.test_iteration11.TestCategoryDelete" name="test_admin_delete_is_pending_and_controller_approves" time="0.954" /></testsuite></testsuites>