<?xml version="1.0" encoding="utf-8"?><testsuites name="pytest tests"><testsuite name="pytest" errors="0" failures="0" skipped="0" tests="7" time="1.121" timestamp="2026-09-25T12:59:08.810139+00:00" hostname="agent-env-26b471de-454d-4477-979a-910112aeeeab"><testcase classname="tests.test_iteration6.TestMapBaseline" name="test_map_total_and_shape" time="0.755" /><testcase classname="tests.test_iteration6.TestMapFilters" name="test_filter_provinsi_dki" time="0.533" /><testcase classname="tests.test_iteration6.TestMapFilters" name="test_filter_price_drop" time="0.052" /><testcase classname="tests.test_iteration6.TestMapFilters" name="test_filter_keyword_vario" time="0.081" /><testcase classname="tests.test_iteration6.TestMapFilters" name="test_filter_keyword_none" time="0.051" /><testcase classname="tests.test_iteration6.TestMapFilters" name="test_filter_category_tanah" time="0.085" /><testcase classname="tests.test_iteration6.TestMapBaseline" name="test_map_only_published_with_coords" time="0.042" /></testsuite></testsuites>