<?xml version="1.0" encoding="utf-8"?><testsuites name="pytest tests"><testsuite name="pytest" errors="0" failures="0" skipped="0" tests="15" time="2.949" timestamp="2026-09-25T10:28:54.189518+00:00" hostname="agent-env-26b471de-454d-4477-979a-910112aeeeab"><testcase classname="tests.test_iteration3.TestExcelReport" name="test_ma_forbidden" time="0.808" /><testcase classname="tests.test_iteration3.TestExcelReport" name="test_link_and_download" time="0.902" /><testcase classname="tests.test_iteration3.TestSoldFlow" name="test_ma_cannot_sold" time="1.450" /><testcase classname="tests.test_iteration3.TestSoldFlow" name="test_admin_mark_sold" time="0.197" /><testcase classname="tests.test_iteration3.TestSoldFlow" name="test_public_detail_after_sold" time="0.076" /><testcase classname="tests.test_iteration3.TestExcelReport" name="test_bad_token" time="0.095" /><testcase classname="tests.test_iteration3.TestSoldFlow" name="test_double_sold_409" time="0.086" /><testcase classname="tests.test_iteration3.TestCatalogSoldSort" name="test_total_and_sold_at_end" time="0.124" /><testcase classname="tests.test_iteration3.TestSoldFlow" name="test_unsold" time="0.086" /><testcase classname="tests.test_iteration3.TestSoldFlow" name="test_public_after_unsold" time="0.068" /><testcase classname="tests.test_iteration3.TestCatalogSoldSort" name="test_dki_jakarta_cascade_counts" time="0.262" /><testcase classname="tests.test_iteration3.TestSoldFlow" name="test_approval_history_has_sold_actions" time="0.185" /><testcase classname="tests.test_iteration3.TestDashboardSoldKey" name="test_rcg_dash_has_sold" time="0.127" /><testcase classname="tests.test_iteration3.TestBatchAndSimilar" name="test_batch_valid_and_bogus_ordering" time="0.211" /><testcase classname="tests.test_iteration3.TestBatchAndSimilar" name="test_similar_endpoint" time="0.211" /></testsuite></testsuites>