<?xml version="1.0" encoding="utf-8"?><testsuites name="pytest tests"><testsuite name="pytest" errors="0" failures="1" skipped="0" tests="9" time="3.004" timestamp="2026-09-26T09:05:49.656194+00:00" hostname="agent-env-46bea2f0-d972-4296-8c8b-c0b3b5d62138"><testcase classname="tests.test_iteration13.TestDeletedListRBAC" name="test_ma_forbidden" time="0.603" /><testcase classname="tests.test_iteration13.TestDeletedListRBAC" name="test_acrm_forbidden" time="0.450" /><testcase classname="tests.test_iteration13.TestDeletedListPayload" name="test_rcg_sees_deleted_asset" time="0.860" /><testcase classname="tests.test_iteration13.TestRestoreRBAC" name="test_ma_cannot_restore" time="0.112" /><testcase classname="tests.test_iteration13.TestRestoreRBAC" name="test_acrm_cannot_restore" time="0.107" /><testcase classname="tests.test_iteration13.TestRestoreFlow" name="test_restore_returns_asset_to_catalog" time="0.383" /><testcase classname="tests.test_iteration13.TestRestoreFlow" name="test_restore_bad_id_returns_404" time="0.114" /><testcase classname="tests.test_iteration13.TestCatalogTotalPostRestore" name="test_public_catalog_total_ge_45" time="0.174" /><testcase classname="tests.test_iteration13.TestSoldEndpointRegression" name="test_sold_endpoint_exists" time="0.117"><failure message="AssertionError: REGRESSION: /rcg/assets/{id}/sold endpoint missing (@api.post decorator lost when /restore was added)&#10;assert 404 != 404&#10; +  where 404 = &lt;Response [404]&gt;.status_code">backend/tests/test_iteration13.py:158: in test_sold_endpoint_exists
    assert r.status_code != 404, "REGRESSION: /rcg/assets/{id}/sold endpoint missing (@api.post decorator lost when /restore was added)"
E   AssertionError: REGRESSION: /rcg/assets/{id}/sold endpoint missing (@api.post decorator lost when /restore was added)
E   assert 404 != 404
E    +  where 404 = &lt;Response [404]&gt;.status_code</failure></testcase></testsuite></testsuites>