<?xml version="1.0" encoding="utf-8"?><testsuites name="pytest tests"><testsuite name="pytest" errors="0" failures="0" skipped="0" tests="11" time="3.437" timestamp="2026-09-26T07:29:19.103902+00:00" hostname="agent-env-46bea2f0-d972-4296-8c8b-c0b3b5d62138"><testcase classname="tests.test_iteration9.TestCatalog45" name="test_total_is_45" time="0.243" /><testcase classname="tests.test_iteration9.TestCatalog45" name="test_45_distinct_acr_via_nomor_asset" time="0.420" /><testcase classname="tests.test_iteration9.TestCatalog45" name="test_locations_has_about_22_provinsi" time="0.123" /><testcase classname="tests.test_iteration9.TestCatalog45" name="test_varied_kabupaten_kota" time="0.421" /><testcase classname="tests.test_iteration9.TestCatalog45" name="test_sold_and_schedule_mix" time="0.446" /><testcase classname="tests.test_iteration9.TestCatalog45" name="test_new_asset_types_present" time="0.400" /><testcase classname="tests.test_iteration9.TestCatalog45" name="test_items_have_images" time="0.386" /><testcase classname="tests.test_iteration9.TestNearestSearch" name="test_nearest_ascending" time="0.141" /><testcase classname="tests.test_iteration9.TestLoginRegression" name="test_rcg_controller_login" time="0.339" /><testcase classname="tests.test_iteration9.TestLoginRegression" name="test_rcg_admin_login" time="0.348" /><testcase classname="tests.test_iteration9.TestLoginRegression" name="test_legacy_admin_fails" time="0.111" /></testsuite></testsuites>