<?xml version="1.0" encoding="utf-8"?><testsuites name="pytest tests"><testsuite name="pytest" errors="0" failures="0" skipped="0" tests="26" time="4.766" timestamp="2026-09-25T09:05:25.797091+00:00" hostname="agent-env-26b471de-454d-4477-979a-910112aeeeab"><testcase classname="tests.test_iteration2.TestWilayah" name="test_provinces_and_title_case" time="0.584" /><testcase classname="tests.test_iteration2.TestWilayah" name="test_regencies_31" time="0.205" /><testcase classname="tests.test_iteration2.TestWilayah" name="test_districts_3171" time="0.258" /><testcase classname="tests.test_iteration2.TestWilayah" name="test_villages_3171010" time="0.421" /><testcase classname="tests.test_iteration2.TestPrivateDocuments" name="test_reject_unsupported_type" time="1.234" /><testcase classname="tests.test_iteration2.TestPrivateDocuments" name="test_upload_pdf" time="0.477" /><testcase classname="tests.test_iteration2.TestWilayah" name="test_cache_second_call" time="0.075" /><testcase classname="tests.test_iteration2.TestPublicLocations" name="test_level_provinsi" time="0.100" /><testcase classname="tests.test_iteration2.TestPublicLocations" name="test_level_kabupaten" time="0.126" /><testcase classname="tests.test_iteration2.TestPrivateDocuments" name="test_list_documents" time="0.100" /><testcase classname="tests.test_iteration2.TestPublicLocations" name="test_level_kecamatan" time="0.113" /><testcase classname="tests.test_iteration2.TestPrivateDocuments" name="test_get_link_and_download" time="0.699" /><testcase classname="tests.test_iteration2.TestPublicLocations" name="test_level_wilayah_level_4" time="0.058" /><testcase classname="tests.test_iteration2.TestPublicCatalogLocation" name="test_full_location_filter_and_coords" time="0.116" /><testcase classname="tests.test_iteration2.TestPublicCatalogLocation" name="test_public_detail_no_documents_key" time="0.161" /><testcase classname="tests.test_iteration2.TestPrivateDocuments" name="test_bad_token_rejected" time="0.152" /><testcase classname="tests.test_iteration2.TestCoordinatesPersistence" name="test_put_coordinates_persists" time="0.757" /><testcase classname="tests.test_iteration2.TestPrivateDocuments" name="test_private_path_via_public_file_route_forbidden" time="0.079" /><testcase classname="tests.test_iteration2.TestPrivateDocuments" name="test_internal_asset_shows_documents_without_storage_path" time="0.117" /><testcase classname="tests.test_iteration2.TestPrivateDocuments" name="test_public_detail_no_documents_key" time="0.096" /><testcase classname="tests.test_iteration2.TestPrivateDocuments" name="test_acrm_same_acr_can_list" time="0.388" /><testcase classname="tests.test_iteration2.TestPrivateDocuments" name="test_acrm_other_acr_forbidden" time="0.370" /><testcase classname="tests.test_iteration2.TestPrivateDocuments" name="test_admin_can_list" time="0.387" /><testcase classname="tests.test_iteration2.TestPrivateDocuments" name="test_acrm_cannot_upload" time="0.101" /><testcase classname="tests.test_iteration2.TestPrivateDocuments" name="test_unauth_list_rejected" time="0.081" /><testcase classname="tests.test_iteration2.TestPrivateDocuments" name="test_delete_and_verify_empty" time="0.153" /></testsuite></testsuites>