<?xml version="1.0" encoding="utf-8"?><testsuites name="pytest tests"><testsuite name="pytest" errors="2" failures="0" skipped="2" tests="7" time="3.011" timestamp="2026-09-26T08:50:12.490751+00:00" hostname="agent-env-46bea2f0-d972-4296-8c8b-c0b3b5d62138"><testcase classname="tests.test_iteration11.TestMADeleteRequest" name="test_empty_reason_400" time="0.727"><error message="failed on setup with &quot;AssertionError: {&quot;detail&quot;:&quot;Asset tidak ditemukan&quot;}&#10;assert 404 == 200&#10; +  where 404 = &lt;Response [404]&gt;.status_code&quot;">backend/tests/test_iteration11.py:64: in target_asset
    assert r.status_code == 200, r.text
E   AssertionError: {"detail":"Asset tidak ditemukan"}
E   assert 404 == 200
E    +  where 404 = &lt;Response [404]&gt;.status_code</error></testcase><testcase classname="tests.test_iteration11.TestMADeleteRequest" name="test_valid_reason_sets_pending" time="0.000"><error message="failed on setup with &quot;AssertionError: {&quot;detail&quot;:&quot;Asset tidak ditemukan&quot;}&#10;assert 404 == 200&#10; +  where 404 = &lt;Response [404]&gt;.status_code&quot;">backend/tests/test_iteration11.py:64: in target_asset
    assert r.status_code == 200, r.text
E   AssertionError: {"detail":"Asset tidak ditemukan"}
E   assert 404 == 200
E    +  where 404 = &lt;Response [404]&gt;.status_code</error></testcase><testcase classname="tests.test_iteration11.TestACRMDeleteFlow" name="test_pending_has_delete_reason" time="0.794"><skipped type="pytest.skip" message="No DELETE_PENDING_ACRM asset in ACRM queue">/app/backend/tests/test_iteration11.py:106: No DELETE_PENDING_ACRM asset in ACRM queue</skipped></testcase><testcase classname="tests.test_iteration11.TestCategoryDelete" name="test_empty_reason_400_and_delete_direct_controller" time="0.997" /><testcase classname="tests.test_iteration11.TestACRMDeleteFlow" name="test_reject_restores_then_approve_deletes" time="0.519"><skipped type="pytest.skip" message="No DELETE_PENDING_ACRM asset in ACRM queue">/app/backend/tests/test_iteration11.py:109: No DELETE_PENDING_ACRM asset in ACRM queue</skipped></testcase><testcase classname="tests.test_iteration11.TestCatalogSeed" name="test_public_catalog_not_empty" time="0.182" /><testcase classname="tests.test_iteration11.TestCategoryDelete" name="test_admin_delete_is_pending_and_controller_approves" time="0.943" /></testsuite></testsuites>